[debug] [2018-11-01T17:30:43.577Z] ----------------------------------------------------------------------
[debug] [2018-11-01T17:30:43.580Z] Command:       C:\Program Files\nodejs\node.exe C:\Users\jirawat\AppData\Roaming\npm\node_modules\firebase-tools\bin\firebase serve
[debug] [2018-11-01T17:30:43.580Z] CLI Version:   4.2.1
[debug] [2018-11-01T17:30:43.580Z] Platform:      win32
[debug] [2018-11-01T17:30:43.580Z] Node Version:  v8.12.0
[debug] [2018-11-01T17:30:43.581Z] Time:          Fri Nov 02 2018 00:30:43 GMT+0700 (SE Asia Standard Time)
[debug] [2018-11-01T17:30:43.581Z] ----------------------------------------------------------------------
[debug] 
[debug] [2018-11-01T17:30:43.591Z] > command requires scopes: ["email","openid","https://www.googleapis.com/auth/cloudplatformprojects.readonly","https://www.googleapis.com/auth/firebase","https://www.googleapis.com/auth/cloud-platform"]
[debug] [2018-11-01T17:30:43.591Z] > authorizing via signed-in user
[debug] [2018-11-01T17:30:43.593Z] >>> HTTP REQUEST GET https://admin.firebase.com/v1/projects/shopee-f432d  
 
[debug] [2018-11-01T17:30:44.903Z] <<< HTTP RESPONSE 200
[debug] [2018-11-01T17:30:44.905Z] >>> HTTP REQUEST GET https://cloudresourcemanager.googleapis.com/v1/projects/shopee-f432d  
 
[debug] [2018-11-01T17:30:46.443Z] <<< HTTP RESPONSE 200
[info] 
[info] === Serving from 'C:\Users\jirawat\Documents\mobiledev'...
[info] 
[debug] [2018-11-01T17:30:46.449Z] >>> HTTP REQUEST GET https://mobilesdk-pa.googleapis.com/v1/projects/916051708032/clients/_:getWebAppConfig  
 
[debug] [2018-11-01T17:30:47.180Z] <<< HTTP RESPONSE 200
[info] i  hosting[shopee-f432d]: Serving hosting files from: public
[info] +  hosting[shopee-f432d]: Local server: http://localhost:5000
